2014/06/24 05:17:52 [error] [exception.CHttpException.404] exception 'CHttpException' with message 'Unable to resolve the request "gii.".' in E:\Andri\Iseng\yii-1.1.14.f0fee9\yii-1.1.14.f0fee9\framework\web\CWebApplication.php:286
Stack trace:
#0 E:\Andri\Iseng\yii-1.1.14.f0fee9\yii-1.1.14.f0fee9\framework\web\CWebApplication.php(141): CWebApplication->runController('gii.')
#1 E:\Andri\Iseng\yii-1.1.14.f0fee9\yii-1.1.14.f0fee9\framework\base\CApplication.php(180): CWebApplication->processRequest()
#2 C:\xampp\htdocs\KnowledgeManagement\knowledgemanagement\index.php(13): CApplication->run()
#3 {main}
REQUEST_URI=/KnowledgeManagement/knowledgemanagement/index.php?r=gii.
---
2014/06/24 05:20:45 [error] [system.db.CDbCommand] CDbCommand::fetchAll() failed: SQLSTATE[42S02]: Base table or view not found: 1146 Table 'knowledgedb.tbl_data' doesn't exist. The SQL statement executed was: SHOW FULL COLUMNS FROM `tbl_data`.
in C:\xampp\htdocs\KnowledgeManagement\knowledgemanagement\index.php (13)
2014/06/24 05:22:37 [error] [system.db.CDbCommand] CDbCommand::fetchAll() failed: SQLSTATE[42S02]: Base table or view not found: 1146 Table 'knowledgedb.tbl_data' doesn't exist. The SQL statement executed was: SHOW FULL COLUMNS FROM `tbl_data`.
in C:\xampp\htdocs\KnowledgeManagement\knowledgemanagement\index.php (13)
2014/06/24 05:27:02 [error] [system.db.CDbCommand] CDbCommand::fetchAll() failed: SQLSTATE[42S02]: Base table or view not found: 1146 Table 'knowledgedb.tbl_data' doesn't exist. The SQL statement executed was: SHOW FULL COLUMNS FROM `tbl_data`.
in C:\xampp\htdocs\KnowledgeManagement\knowledgemanagement\index.php (13)
2014/06/24 05:27:06 [error] [system.db.CDbCommand] CDbCommand::fetchAll() failed: SQLSTATE[42S02]: Base table or view not found: 1146 Table 'knowledgedb.tbl_data' doesn't exist. The SQL statement executed was: SHOW FULL COLUMNS FROM `tbl_data`.
in C:\xampp\htdocs\KnowledgeManagement\knowledgemanagement\index.php (13)
2014/06/24 08:46:33 [error] [system.db.CDbCommand] CDbCommand::fetchAll() failed: SQLSTATE[42S02]: Base table or view not found: 1146 Table 'knowledgedb.tbl_data' doesn't exist. The SQL statement executed was: SHOW FULL COLUMNS FROM `tbl_data`.
in C:\xampp\htdocs\KnowledgeManagement\knowledgemanagement\index.php (13)
2014/06/24 08:48:31 [error] [exception.CHttpException.404] exception 'CHttpException' with message 'Unable to find the code you requested.' in E:\Andri\Iseng\yii-1.1.14.f0fee9\yii-1.1.14.f0fee9\framework\gii\CCodeGenerator.php:90
Stack trace:
#0 E:\Andri\Iseng\yii-1.1.14.f0fee9\yii-1.1.14.f0fee9\framework\web\actions\CInlineAction.php(49): CCodeGenerator->actionCode()
#1 E:\Andri\Iseng\yii-1.1.14.f0fee9\yii-1.1.14.f0fee9\framework\web\CController.php(308): CInlineAction->runWithParams(Array)
#2 E:\Andri\Iseng\yii-1.1.14.f0fee9\yii-1.1.14.f0fee9\framework\web\CController.php(286): CController->runAction(Object(CInlineAction))
#3 E:\Andri\Iseng\yii-1.1.14.f0fee9\yii-1.1.14.f0fee9\framework\web\CController.php(265): CController->runActionWithFilters(Object(CInlineAction), Array)
#4 E:\Andri\Iseng\yii-1.1.14.f0fee9\yii-1.1.14.f0fee9\framework\web\CWebApplication.php(282): CController->run('code')
#5 E:\Andri\Iseng\yii-1.1.14.f0fee9\yii-1.1.14.f0fee9\framework\web\CWebApplication.php(141): CWebApplication->runController('gii/model/code')
#6 E:\Andri\Iseng\yii-1.1.14.f0fee9\yii-1.1.14.f0fee9\framework\base\CApplication.php(180): CWebApplication->processRequest()
#7 C:\xampp\htdocs\KnowledgeManagement\knowledgemanagement\index.php(13): CApplication->run()
#8 {main}
REQUEST_URI=/KnowledgeManagement/knowledgemanagement/index.php?r=gii/model/code&id=0
HTTP_REFERER=http://localhost/KnowledgeManagement/knowledgemanagement/index.php?r=gii/model/index
---
2014/06/24 08:49:36 [error] [exception.CHttpException.404] exception 'CHttpException' with message 'Unable to resolve the request "data".' in E:\Andri\Iseng\yii-1.1.14.f0fee9\yii-1.1.14.f0fee9\framework\web\CWebApplication.php:286
Stack trace:
#0 E:\Andri\Iseng\yii-1.1.14.f0fee9\yii-1.1.14.f0fee9\framework\web\CWebApplication.php(141): CWebApplication->runController('data')
#1 E:\Andri\Iseng\yii-1.1.14.f0fee9\yii-1.1.14.f0fee9\framework\base\CApplication.php(180): CWebApplication->processRequest()
#2 C:\xampp\htdocs\KnowledgeManagement\knowledgemanagement\index.php(13): CApplication->run()
#3 {main}
REQUEST_URI=/KnowledgeManagement/knowledgemanagement/index.php?r=data
---
2014/06/24 08:49:43 [error] [exception.CHttpException.404] exception 'CHttpException' with message 'Unable to resolve the request "Data".' in E:\Andri\Iseng\yii-1.1.14.f0fee9\yii-1.1.14.f0fee9\framework\web\CWebApplication.php:286
Stack trace:
#0 E:\Andri\Iseng\yii-1.1.14.f0fee9\yii-1.1.14.f0fee9\framework\web\CWebApplication.php(141): CWebApplication->runController('Data')
#1 E:\Andri\Iseng\yii-1.1.14.f0fee9\yii-1.1.14.f0fee9\framework\base\CApplication.php(180): CWebApplication->processRequest()
#2 C:\xampp\htdocs\KnowledgeManagement\knowledgemanagement\index.php(13): CApplication->run()
#3 {main}
REQUEST_URI=/KnowledgeManagement/knowledgemanagement/index.php?r=Data
---
2014/06/24 08:49:49 [error] [exception.CHttpException.404] exception 'CHttpException' with message 'Unable to resolve the request "user".' in E:\Andri\Iseng\yii-1.1.14.f0fee9\yii-1.1.14.f0fee9\framework\web\CWebApplication.php:286
Stack trace:
#0 E:\Andri\Iseng\yii-1.1.14.f0fee9\yii-1.1.14.f0fee9\framework\web\CWebApplication.php(141): CWebApplication->runController('user')
#1 E:\Andri\Iseng\yii-1.1.14.f0fee9\yii-1.1.14.f0fee9\framework\base\CApplication.php(180): CWebApplication->processRequest()
#2 C:\xampp\htdocs\KnowledgeManagement\knowledgemanagement\index.php(13): CApplication->run()
#3 {main}
REQUEST_URI=/KnowledgeManagement/knowledgemanagement/index.php?r=user
---
